{"D:\\Workspace\\node\\repos\\biztime\\app.js": {"path":"D:\\Workspace\\node\\repos\\biztime\\app.js","statementMap":{"0":{"start":{"line":4,"column":16},"end":{"line":4,"column":34}},"1":{"start":{"line":6,"column":12},"end":{"line":6,"column":21}},"2":{"start":{"line":7,"column":21},"end":{"line":7,"column":46}},"3":{"start":{"line":9,"column":0},"end":{"line":9,"column":24}},"4":{"start":{"line":11,"column":16},"end":{"line":11,"column":45}},"5":{"start":{"line":12,"column":0},"end":{"line":12,"column":31}},"6":{"start":{"line":14,"column":16},"end":{"line":14,"column":44}},"7":{"start":{"line":15,"column":0},"end":{"line":15,"column":30}},"8":{"start":{"line":19,"column":0},"end":{"line":22,"column":3}},"9":{"start":{"line":20,"column":14},"end":{"line":20,"column":48}},"10":{"start":{"line":21,"column":2},"end":{"line":21,"column":19}},"11":{"start":{"line":26,"column":0},"end":{"line":33,"column":3}},"12":{"start":{"line":27,"column":2},"end":{"line":27,"column":32}},"13":{"start":{"line":29,"column":2},"end":{"line":32,"column":5}},"14":{"start":{"line":36,"column":0},"end":{"line":36,"column":21}}},"fnMap":{"0":{"name":"(anonymous_0)","decl":{"start":{"line":19,"column":8},"end":{"line":19,"column":9}},"loc":{"start":{"line":19,"column":33},"end":{"line":22,"column":1}},"line":19},"1":{"name":"(anonymous_1)","decl":{"start":{"line":26,"column":8},"end":{"line":26,"column":9}},"loc":{"start":{"line":26,"column":33},"end":{"line":33,"column":1}},"line":26}},"branchMap":{"0":{"loc":{"start":{"line":27,"column":13},"end":{"line":27,"column":30}},"type":"binary-expr","locations":[{"start":{"line":27,"column":13},"end":{"line":27,"column":23}},{"start":{"line":27,"column":27},"end":{"line":27,"column":30}}],"line":27}},"s":{"0":2,"1":2,"2":2,"3":2,"4":2,"5":2,"6":2,"7":2,"8":2,"9":0,"10":0,"11":2,"12":9,"13":9,"14":2},"f":{"0":0,"1":9},"b":{"0":[9,2]},"_coverageSchema":"1a1c01bbd47fc00a2c39e90264f33305004495a9","hash":"cb6ddc4ace334ecb235781546c21ca10f98b4d91"}
,"D:\\Workspace\\node\\repos\\biztime\\db.js": {"path":"D:\\Workspace\\node\\repos\\biztime\\db.js","statementMap":{"0":{"start":{"line":2,"column":19},"end":{"line":2,"column":32}},"1":{"start":{"line":6,"column":0},"end":{"line":10,"column":1}},"2":{"start":{"line":7,"column":2},"end":{"line":7,"column":40}},"3":{"start":{"line":9,"column":2},"end":{"line":9,"column":35}},"4":{"start":{"line":12,"column":9},"end":{"line":14,"column":2}},"5":{"start":{"line":16,"column":0},"end":{"line":16,"column":13}},"6":{"start":{"line":18,"column":0},"end":{"line":18,"column":20}}},"fnMap":{},"branchMap":{"0":{"loc":{"start":{"line":6,"column":0},"end":{"line":10,"column":1}},"type":"if","locations":[{"start":{"line":6,"column":0},"end":{"line":10,"column":1}},{"start":{"line":6,"column":0},"end":{"line":10,"column":1}}],"line":6}},"s":{"0":2,"1":2,"2":2,"3":0,"4":2,"5":2,"6":2},"f":{},"b":{"0":[2,0]},"_coverageSchema":"1a1c01bbd47fc00a2c39e90264f33305004495a9","hash":"25ca3d93d8b932683cbc53d5cee9855687ee992e"}
,"D:\\Workspace\\node\\repos\\biztime\\expressError.js": {"path":"D:\\Workspace\\node\\repos\\biztime\\expressError.js","statementMap":{"0":{"start":{"line":9,"column":4},"end":{"line":9,"column":12}},"1":{"start":{"line":10,"column":4},"end":{"line":10,"column":27}},"2":{"start":{"line":11,"column":4},"end":{"line":11,"column":25}},"3":{"start":{"line":12,"column":4},"end":{"line":12,"column":30}},"4":{"start":{"line":17,"column":0},"end":{"line":17,"column":30}}},"fnMap":{"0":{"name":"(anonymous_0)","decl":{"start":{"line":8,"column":2},"end":{"line":8,"column":3}},"loc":{"start":{"line":8,"column":31},"end":{"line":13,"column":3}},"line":8}},"branchMap":{},"s":{"0":7,"1":7,"2":7,"3":7,"4":2},"f":{"0":7},"b":{},"_coverageSchema":"1a1c01bbd47fc00a2c39e90264f33305004495a9","hash":"cc857e9c00f33a28ad52345d1f72f45d626e91e0"}
,"D:\\Workspace\\node\\repos\\biztime\\routes\\companies.js": {"path":"D:\\Workspace\\node\\repos\\biztime\\routes\\companies.js","statementMap":{"0":{"start":{"line":3,"column":11},"end":{"line":3,"column":27}},"1":{"start":{"line":4,"column":16},"end":{"line":4,"column":34}},"2":{"start":{"line":5,"column":21},"end":{"line":5,"column":47}},"3":{"start":{"line":6,"column":15},"end":{"line":6,"column":31}},"4":{"start":{"line":7,"column":16},"end":{"line":7,"column":34}},"5":{"start":{"line":11,"column":0},"end":{"line":21,"column":3}},"6":{"start":{"line":12,"column":2},"end":{"line":20,"column":3}},"7":{"start":{"line":13,"column":19},"end":{"line":15,"column":5}},"8":{"start":{"line":17,"column":4},"end":{"line":17,"column":48}},"9":{"start":{"line":19,"column":4},"end":{"line":19,"column":21}},"10":{"start":{"line":25,"column":0},"end":{"line":56,"column":3}},"11":{"start":{"line":26,"column":2},"end":{"line":55,"column":3}},"12":{"start":{"line":27,"column":21},"end":{"line":27,"column":31}},"13":{"start":{"line":29,"column":19},"end":{"line":34,"column":5}},"14":{"start":{"line":36,"column":22},"end":{"line":41,"column":5}},"15":{"start":{"line":43,"column":4},"end":{"line":45,"column":5}},"16":{"start":{"line":44,"column":6},"end":{"line":44,"column":79}},"17":{"start":{"line":47,"column":4},"end":{"line":47,"column":56}},"18":{"start":{"line":47,"column":48},"end":{"line":47,"column":54}},"19":{"start":{"line":48,"column":4},"end":{"line":48,"column":29}},"20":{"start":{"line":50,"column":4},"end":{"line":50,"column":38}},"21":{"start":{"line":52,"column":4},"end":{"line":52,"column":54}},"22":{"start":{"line":54,"column":4},"end":{"line":54,"column":21}},"23":{"start":{"line":60,"column":0},"end":{"line":76,"column":3}},"24":{"start":{"line":61,"column":2},"end":{"line":75,"column":3}},"25":{"start":{"line":62,"column":34},"end":{"line":62,"column":42}},"26":{"start":{"line":63,"column":15},"end":{"line":63,"column":45}},"27":{"start":{"line":65,"column":19},"end":{"line":70,"column":5}},"28":{"start":{"line":72,"column":4},"end":{"line":72,"column":61}},"29":{"start":{"line":74,"column":4},"end":{"line":74,"column":21}},"30":{"start":{"line":80,"column":0},"end":{"line":99,"column":3}},"31":{"start":{"line":81,"column":2},"end":{"line":98,"column":3}},"32":{"start":{"line":82,"column":21},"end":{"line":82,"column":31}},"33":{"start":{"line":83,"column":34},"end":{"line":83,"column":42}},"34":{"start":{"line":85,"column":19},"end":{"line":90,"column":5}},"35":{"start":{"line":91,"column":4},"end":{"line":93,"column":5}},"36":{"start":{"line":92,"column":6},"end":{"line":92,"column":74}},"37":{"start":{"line":95,"column":4},"end":{"line":95,"column":61}},"38":{"start":{"line":97,"column":4},"end":{"line":97,"column":21}},"39":{"start":{"line":103,"column":0},"end":{"line":120,"column":3}},"40":{"start":{"line":104,"column":2},"end":{"line":119,"column":3}},"41":{"start":{"line":105,"column":21},"end":{"line":105,"column":31}},"42":{"start":{"line":107,"column":19},"end":{"line":110,"column":5}},"43":{"start":{"line":112,"column":4},"end":{"line":114,"column":5}},"44":{"start":{"line":113,"column":6},"end":{"line":113,"column":77}},"45":{"start":{"line":116,"column":4},"end":{"line":116,"column":55}},"46":{"start":{"line":118,"column":4},"end":{"line":118,"column":21}},"47":{"start":{"line":122,"column":0},"end":{"line":122,"column":24}}},"fnMap":{"0":{"name":"(anonymous_0)","decl":{"start":{"line":11,"column":16},"end":{"line":11,"column":17}},"loc":{"start":{"line":11,"column":48},"end":{"line":21,"column":1}},"line":11},"1":{"name":"(anonymous_1)","decl":{"start":{"line":25,"column":21},"end":{"line":25,"column":22}},"loc":{"start":{"line":25,"column":53},"end":{"line":56,"column":1}},"line":25},"2":{"name":"(anonymous_2)","decl":{"start":{"line":47,"column":41},"end":{"line":47,"column":42}},"loc":{"start":{"line":47,"column":48},"end":{"line":47,"column":54}},"line":47},"3":{"name":"(anonymous_3)","decl":{"start":{"line":60,"column":17},"end":{"line":60,"column":18}},"loc":{"start":{"line":60,"column":49},"end":{"line":76,"column":1}},"line":60},"4":{"name":"(anonymous_4)","decl":{"start":{"line":80,"column":21},"end":{"line":80,"column":22}},"loc":{"start":{"line":80,"column":53},"end":{"line":99,"column":1}},"line":80},"5":{"name":"(anonymous_5)","decl":{"start":{"line":103,"column":24},"end":{"line":103,"column":25}},"loc":{"start":{"line":103,"column":56},"end":{"line":120,"column":1}},"line":103}},"branchMap":{"0":{"loc":{"start":{"line":43,"column":4},"end":{"line":45,"column":5}},"type":"if","locations":[{"start":{"line":43,"column":4},"end":{"line":45,"column":5}},{"start":{"line":43,"column":4},"end":{"line":45,"column":5}}],"line":43},"1":{"loc":{"start":{"line":91,"column":4},"end":{"line":93,"column":5}},"type":"if","locations":[{"start":{"line":91,"column":4},"end":{"line":93,"column":5}},{"start":{"line":91,"column":4},"end":{"line":93,"column":5}}],"line":91},"2":{"loc":{"start":{"line":112,"column":4},"end":{"line":114,"column":5}},"type":"if","locations":[{"start":{"line":112,"column":4},"end":{"line":114,"column":5}},{"start":{"line":112,"column":4},"end":{"line":114,"column":5}}],"line":112}},"s":{"0":2,"1":2,"2":2,"3":2,"4":2,"5":2,"6":1,"7":1,"8":1,"9":0,"10":2,"11":2,"12":2,"13":2,"14":2,"15":2,"16":1,"17":1,"18":2,"19":1,"20":1,"21":1,"22":1,"23":2,"24":4,"25":4,"26":4,"27":4,"28":3,"29":1,"30":2,"31":6,"32":6,"33":6,"34":6,"35":5,"36":3,"37":2,"38":4,"39":2,"40":4,"41":4,"42":4,"43":4,"44":2,"45":2,"46":2,"47":2},"f":{"0":1,"1":2,"2":2,"3":4,"4":6,"5":4},"b":{"0":[1,1],"1":[3,2],"2":[2,2]},"_coverageSchema":"1a1c01bbd47fc00a2c39e90264f33305004495a9","hash":"104c5a8a3e32ab101d95c4844f474ca05bb5e98c"}
,"D:\\Workspace\\node\\repos\\biztime\\routes\\invoices.js": {"path":"D:\\Workspace\\node\\repos\\biztime\\routes\\invoices.js","statementMap":{"0":{"start":{"line":3,"column":11},"end":{"line":3,"column":27}},"1":{"start":{"line":4,"column":16},"end":{"line":4,"column":34}},"2":{"start":{"line":5,"column":21},"end":{"line":5,"column":47}},"3":{"start":{"line":6,"column":15},"end":{"line":6,"column":31}},"4":{"start":{"line":10,"column":0},"end":{"line":22,"column":3}},"5":{"start":{"line":11,"column":2},"end":{"line":21,"column":3}},"6":{"start":{"line":12,"column":19},"end":{"line":16,"column":5}},"7":{"start":{"line":18,"column":4},"end":{"line":18,"column":57}},"8":{"start":{"line":20,"column":4},"end":{"line":20,"column":21}},"9":{"start":{"line":26,"column":0},"end":{"line":62,"column":3}},"10":{"start":{"line":27,"column":2},"end":{"line":61,"column":3}},"11":{"start":{"line":28,"column":19},"end":{"line":28,"column":29}},"12":{"start":{"line":30,"column":19},"end":{"line":37,"column":5}},"13":{"start":{"line":38,"column":4},"end":{"line":40,"column":5}},"14":{"start":{"line":39,"column":6},"end":{"line":39,"column":63}},"15":{"start":{"line":42,"column":17},"end":{"line":42,"column":31}},"16":{"start":{"line":43,"column":20},"end":{"line":56,"column":5}},"17":{"start":{"line":58,"column":4},"end":{"line":58,"column":52}},"18":{"start":{"line":60,"column":4},"end":{"line":60,"column":21}},"19":{"start":{"line":66,"column":0},"end":{"line":79,"column":3}},"20":{"start":{"line":67,"column":2},"end":{"line":78,"column":3}},"21":{"start":{"line":68,"column":31},"end":{"line":68,"column":39}},"22":{"start":{"line":69,"column":19},"end":{"line":74,"column":7}},"23":{"start":{"line":75,"column":4},"end":{"line":75,"column":58}},"24":{"start":{"line":77,"column":4},"end":{"line":77,"column":21}},"25":{"start":{"line":83,"column":0},"end":{"line":120,"column":3}},"26":{"start":{"line":84,"column":2},"end":{"line":119,"column":3}},"27":{"start":{"line":85,"column":17},"end":{"line":85,"column":27}},"28":{"start":{"line":86,"column":24},"end":{"line":86,"column":32}},"29":{"start":{"line":87,"column":19},"end":{"line":87,"column":23}},"30":{"start":{"line":89,"column":25},"end":{"line":94,"column":5}},"31":{"start":{"line":96,"column":4},"end":{"line":98,"column":5}},"32":{"start":{"line":97,"column":6},"end":{"line":97,"column":60}},"33":{"start":{"line":100,"column":26},"end":{"line":100,"column":56}},"34":{"start":{"line":102,"column":4},"end":{"line":108,"column":5}},"35":{"start":{"line":103,"column":6},"end":{"line":103,"column":28}},"36":{"start":{"line":104,"column":11},"end":{"line":108,"column":5}},"37":{"start":{"line":105,"column":6},"end":{"line":105,"column":22}},"38":{"start":{"line":107,"column":6},"end":{"line":107,"column":31}},"39":{"start":{"line":109,"column":19},"end":{"line":115,"column":7}},"40":{"start":{"line":116,"column":4},"end":{"line":116,"column":58}},"41":{"start":{"line":118,"column":4},"end":{"line":118,"column":21}},"42":{"start":{"line":124,"column":0},"end":{"line":145,"column":3}},"43":{"start":{"line":125,"column":2},"end":{"line":144,"column":3}},"44":{"start":{"line":126,"column":15},"end":{"line":126,"column":25}},"45":{"start":{"line":128,"column":19},"end":{"line":133,"column":5}},"46":{"start":{"line":136,"column":4},"end":{"line":138,"column":5}},"47":{"start":{"line":137,"column":6},"end":{"line":137,"column":60}},"48":{"start":{"line":140,"column":4},"end":{"line":140,"column":41}},"49":{"start":{"line":143,"column":4},"end":{"line":143,"column":21}},"50":{"start":{"line":147,"column":0},"end":{"line":147,"column":24}}},"fnMap":{"0":{"name":"(anonymous_0)","decl":{"start":{"line":10,"column":16},"end":{"line":10,"column":17}},"loc":{"start":{"line":10,"column":48},"end":{"line":22,"column":1}},"line":10},"1":{"name":"(anonymous_1)","decl":{"start":{"line":26,"column":19},"end":{"line":26,"column":20}},"loc":{"start":{"line":26,"column":51},"end":{"line":62,"column":1}},"line":26},"2":{"name":"(anonymous_2)","decl":{"start":{"line":66,"column":17},"end":{"line":66,"column":18}},"loc":{"start":{"line":66,"column":43},"end":{"line":79,"column":1}},"line":66},"3":{"name":"(anonymous_3)","decl":{"start":{"line":83,"column":19},"end":{"line":83,"column":20}},"loc":{"start":{"line":83,"column":45},"end":{"line":120,"column":1}},"line":83},"4":{"name":"(anonymous_4)","decl":{"start":{"line":124,"column":22},"end":{"line":124,"column":23}},"loc":{"start":{"line":124,"column":54},"end":{"line":145,"column":1}},"line":124}},"branchMap":{"0":{"loc":{"start":{"line":38,"column":4},"end":{"line":40,"column":5}},"type":"if","locations":[{"start":{"line":38,"column":4},"end":{"line":40,"column":5}},{"start":{"line":38,"column":4},"end":{"line":40,"column":5}}],"line":38},"1":{"loc":{"start":{"line":96,"column":4},"end":{"line":98,"column":5}},"type":"if","locations":[{"start":{"line":96,"column":4},"end":{"line":98,"column":5}},{"start":{"line":96,"column":4},"end":{"line":98,"column":5}}],"line":96},"2":{"loc":{"start":{"line":102,"column":4},"end":{"line":108,"column":5}},"type":"if","locations":[{"start":{"line":102,"column":4},"end":{"line":108,"column":5}},{"start":{"line":102,"column":4},"end":{"line":108,"column":5}}],"line":102},"3":{"loc":{"start":{"line":102,"column":7},"end":{"line":102,"column":29}},"type":"binary-expr","locations":[{"start":{"line":102,"column":7},"end":{"line":102,"column":21}},{"start":{"line":102,"column":25},"end":{"line":102,"column":29}}],"line":102},"4":{"loc":{"start":{"line":104,"column":11},"end":{"line":108,"column":5}},"type":"if","locations":[{"start":{"line":104,"column":11},"end":{"line":108,"column":5}},{"start":{"line":104,"column":11},"end":{"line":108,"column":5}}],"line":104},"5":{"loc":{"start":{"line":136,"column":4},"end":{"line":138,"column":5}},"type":"if","locations":[{"start":{"line":136,"column":4},"end":{"line":138,"column":5}},{"start":{"line":136,"column":4},"end":{"line":138,"column":5}}],"line":136}},"s":{"0":2,"1":2,"2":2,"3":2,"4":2,"5":1,"6":1,"7":1,"8":0,"9":2,"10":2,"11":2,"12":2,"13":2,"14":1,"15":1,"16":1,"17":1,"18":1,"19":2,"20":0,"21":0,"22":0,"23":0,"24":0,"25":2,"26":0,"27":0,"28":0,"29":0,"30":0,"31":0,"32":0,"33":0,"34":0,"35":0,"36":0,"37":0,"38":0,"39":0,"40":0,"41":0,"42":2,"43":0,"44":0,"45":0,"46":0,"47":0,"48":0,"49":0,"50":2},"f":{"0":1,"1":2,"2":0,"3":0,"4":0},"b":{"0":[1,1],"1":[0,0],"2":[0,0],"3":[0,0],"4":[0,0],"5":[0,0]},"_coverageSchema":"1a1c01bbd47fc00a2c39e90264f33305004495a9","hash":"550867d33a79c232430a3b10a8cd02e8c5cd642b"}
}
