TN:
SF:..\app.js
FN:19,(anonymous_0)
FN:26,(anonymous_1)
FNF:2
FNH:1
FNDA:0,(anonymous_0)
FNDA:9,(anonymous_1)
DA:4,2
DA:6,2
DA:7,2
DA:9,2
DA:11,2
DA:12,2
DA:14,2
DA:15,2
DA:19,2
DA:20,0
DA:21,0
DA:26,2
DA:27,9
DA:29,9
DA:36,2
LF:15
LH:13
BRDA:27,0,0,9
BRDA:27,0,1,2
BRF:2
BRH:2
end_of_record
TN:
SF:..\db.js
FNF:0
FNH:0
DA:2,2
DA:6,2
DA:7,2
DA:9,0
DA:12,2
DA:16,2
DA:18,2
LF:7
LH:6
BRDA:6,0,0,2
BRDA:6,0,1,0
BRF:2
BRH:1
end_of_record
TN:
SF:..\expressError.js
FN:8,(anonymous_0)
FNF:1
FNH:1
FNDA:7,(anonymous_0)
DA:9,7
DA:10,7
DA:11,7
DA:12,7
DA:17,2
LF:5
LH:5
BRF:0
BRH:0
end_of_record
TN:
SF:companies.js
FN:11,(anonymous_0)
FN:25,(anonymous_1)
FN:47,(anonymous_2)
FN:60,(anonymous_3)
FN:80,(anonymous_4)
FN:103,(anonymous_5)
FNF:6
FNH:6
FNDA:1,(anonymous_0)
FNDA:2,(anonymous_1)
FNDA:2,(anonymous_2)
FNDA:4,(anonymous_3)
FNDA:6,(anonymous_4)
FNDA:4,(anonymous_5)
DA:3,2
DA:4,2
DA:5,2
DA:6,2
DA:7,2
DA:11,2
DA:12,1
DA:13,1
DA:17,1
DA:19,0
DA:25,2
DA:26,2
DA:27,2
DA:29,2
DA:36,2
DA:43,2
DA:44,1
DA:47,2
DA:48,1
DA:50,1
DA:52,1
DA:54,1
DA:60,2
DA:61,4
DA:62,4
DA:63,4
DA:65,4
DA:72,3
DA:74,1
DA:80,2
DA:81,6
DA:82,6
DA:83,6
DA:85,6
DA:91,5
DA:92,3
DA:95,2
DA:97,4
DA:103,2
DA:104,4
DA:105,4
DA:107,4
DA:112,4
DA:113,2
DA:116,2
DA:118,2
DA:122,2
LF:47
LH:46
BRDA:43,0,0,1
BRDA:43,0,1,1
BRDA:91,1,0,3
BRDA:91,1,1,2
BRDA:112,2,0,2
BRDA:112,2,1,2
BRF:6
BRH:6
end_of_record
TN:
SF:invoices.js
FN:10,(anonymous_0)
FN:26,(anonymous_1)
FN:66,(anonymous_2)
FN:83,(anonymous_3)
FN:124,(anonymous_4)
FNF:5
FNH:2
FNDA:1,(anonymous_0)
FNDA:2,(anonymous_1)
FNDA:0,(anonymous_2)
FNDA:0,(anonymous_3)
FNDA:0,(anonymous_4)
DA:3,2
DA:4,2
DA:5,2
DA:6,2
DA:10,2
DA:11,1
DA:12,1
DA:18,1
DA:20,0
DA:26,2
DA:27,2
DA:28,2
DA:30,2
DA:38,2
DA:39,1
DA:42,1
DA:43,1
DA:58,1
DA:60,1
DA:66,2
DA:67,0
DA:68,0
DA:69,0
DA:75,0
DA:77,0
DA:83,2
DA:84,0
DA:85,0
DA:86,0
DA:87,0
DA:89,0
DA:96,0
DA:97,0
DA:100,0
DA:102,0
DA:103,0
DA:104,0
DA:105,0
DA:107,0
DA:109,0
DA:116,0
DA:118,0
DA:124,2
DA:125,0
DA:126,0
DA:128,0
DA:136,0
DA:137,0
DA:140,0
DA:143,0
DA:147,2
LF:51
LH:22
BRDA:38,0,0,1
BRDA:38,0,1,1
BRDA:96,1,0,0
BRDA:96,1,1,0
BRDA:102,2,0,0
BRDA:102,2,1,0
BRDA:102,3,0,0
BRDA:102,3,1,0
BRDA:104,4,0,0
BRDA:104,4,1,0
BRDA:136,5,0,0
BRDA:136,5,1,0
BRF:12
BRH:2
end_of_record
